make all --print-data-base --no-builtin-variables --no-builtin-rules --question
# GNU Make 4.2.1
# Built for x86_64-pc-linux-gnu
# Copyright (C) 1988-2016 Free Software Foundation, Inc.
# License GPLv3+: GNU GPL version 3 or later <http://gnu.org/licenses/gpl.html>
# This is free software: you are free to change and redistribute it.
# There is NO WARRANTY, to the extent permitted by law.

# Make data base, printed on Thu Feb 10 11:08:29 2022

# Variables

# 'override' directive
GNUMAKEFLAGS := 
# automatic
<D = $(patsubst %/,%,$(dir $<))
# automatic
?F = $(notdir $?)
# environment
PAPERSIZE = a4
# environment
DESKTOP_SESSION = ubuntu
# default
.SHELLFLAGS := -c
# environment
XDG_SESSION_CLASS = user
# environment
SNAP_COMMON = /var/snap/code/common
# environment
XDG_SESSION_TYPE = x11
# environment
VSCODE_LOG_NATIVE = false
# automatic
?D = $(patsubst %/,%,$(dir $?))
# environment
IM_CONFIG_PHASE = 1
# automatic
@D = $(patsubst %/,%,$(dir $@))
# environment
XAUTHORITY = /run/user/1000/gdm/Xauthority
# environment
GDMSESSION = ubuntu
# environment
XMODIFIERS = @im=ibus
# makefile
CURDIR := /home/imarushe/Minishell
# makefile
SHELL = /bin/sh
# makefile (from 'Makefile', line 35)
RM = rm -f
# environment
SNAP_DATA = /var/snap/code/87
# environment
VSCODE_NLS_CONFIG = {"locale":"en-us","availableLanguages":{},"_languagePackSupport":true}
# environment
JOURNAL_STREAM = 8:53661
# makefile (from 'Makefile', line 39)
CFLAGS = -Wall -Wextra -Werror -g
# makefile (from 'Makefile', line 6)
define building
	@printf '%s\n' "Building $1"
	@make -sC $1 > /dev/null
endef
# environment
XDG_CONFIG_DIRS = /etc/xdg/xdg-ubuntu:/etc/xdg
# environment
SNAP_INSTANCE_NAME = code
# environment
SNAP_ARCH = amd64
# makefile (from 'Makefile', line 1)
MAKEFILE_LIST :=  Makefile
# automatic
@F = $(notdir $@)
# environment
GIO_LAUNCHED_DESKTOP_FILE = /var/lib/snapd/desktop/applications/code_code.desktop
# environment
USERNAME = imarushe
# environment
MAKELEVEL := 0
# environment
XDG_DATA_DIRS = /usr/share/ubuntu:/usr/local/share/:/usr/share/:/var/lib/snapd/desktop
# environment
DBUS_SESSION_BUS_ADDRESS = unix:path=/run/user/1000/bus
# environment
VSCODE_VERBOSE_LOGGING = true
# environment
_ = /snap/code/87/usr/share/code/code
# makefile (from 'Makefile', line 31)
OBJS = $(SRCS:.c=.o)
# makefile (from 'Makefile', line 41)
CPPFLAGS = -Iincludes
# environment
MANAGERPID = 4274
# environment
VSCODE_IPC_HOOK_EXTHOST = /run/user/1000/vscode-ipc-dd056f41-fe80-4b34-ae20-d30506694564.sock
# environment
LC_NAME = en_GB.UTF-8
# environment
VSCODE_CWD = /home/imarushe
# environment
GSETTINGS_SCHEMA_DIR = /snap/code/87/usr/share/glib-2.0/schemas
# default
MAKE_HOST := x86_64-pc-linux-gnu
# environment
PATH = /home/imarushe/.local/bin:/usr/local/sbin:/usr/local/bin:/usr/sbin:/usr/bin:/sbin:/bin:/usr/games:/usr/local/games:/snap/bin
# environment
GPG_AGENT_INFO = /run/user/1000/gnupg/S.gpg-agent:0:1
# environment
LSCOLORS = dxFxCxDxBxegedabagacad
# environment
SESSION_MANAGER = local/legion:@/tmp/.ICE-unix/4499,unix/legion:/tmp/.ICE-unix/4499
# environment
XDG_RUNTIME_DIR = /run/user/1000
# environment
GDK_PIXBUF_MODULE_FILE = /home/imarushe/snap/code/common/.cache/gdk-pixbuf-loaders.cache
# environment
SNAP = /snap/code/87
# environment
SNAP_VERSION = d6ee99e4
# environment
XDG_MENU_PREFIX = gnome-
# environment
VSCODE_LOG_STACK = false
# environment
DISABLE_WAYLAND = 1
# environment
VSCODE_CRASH_REPORTER_START_OPTIONS = {"companyName":"Microsoft","productName":"VSCode","submitURL":"appcenter://code?aid=fba07a4d-84bd-4fc8-a125-9640fc8ce171&uid=c26f095b-dc20-4970-9bfa-290c9c7d4c07&iid=c26f095b-dc20-4970-9bfa-290c9c7d4c07&sid=c26f095b-dc20-4970-9bfa-290c9c7d4c07","uploadToServer":true}
# environment
INVOCATION_ID = f5ea0ec3c8e5412c8347432ad3c2a780
# environment
GDK_PIXBUF_MODULEDIR = /snap/code/87/usr/lib/x86_64-linux-gnu/gdk-pixbuf-2.0/2.10.0/loaders
# makefile (from 'Makefile', line 22)
define removing
	@printf ' %s\n' $1
	@$(RM) $1 > /dev/null
endef
# default
.FEATURES := target-specific order-only second-expansion else-if shortest-stem undefine oneshell archives jobserver output-sync check-symlink load
# environment
ELECTRON_NO_ATTACH_CONSOLE = 1
# environment
LS_COLORS = 
# environment
XDG_SESSION_DESKTOP = ubuntu
# environment
SSH_AUTH_SOCK = /run/user/1000/keyring/ssh
# environment
GIO_LAUNCHED_DESKTOP_FILE_PID = 17515
# automatic
%F = $(notdir $%)
# environment
DISPLAY = :1
# environment
VSCODE_PIPE_LOGGING = true
# environment
SNAP_INSTANCE_KEY = 
# makefile (from 'Makefile', line 11)
define finishing
	@printf 'Finishing %s\n' $1
	@$(CC) $(CFLAGS) $(CPPFLAGS) $2 -o $1 $(LIBS)
endef
# makefile (from 'Makefile', line 16)
define cleaning
	@echo -n Cleaning
	@printf ' %s\n' $1
	@make $2 -sC $1 > /dev/null
endef
# environment
PWD = /home/imarushe/Minishell
# default
.LOADED := 
# environment
SSH_AGENT_PID = 4465
# environment
ORIGINAL_XDG_CURRENT_DESKTOP = ubuntu:GNOME
# environment
GTK_MODULES = gail:atk-bridge
# environment
VSCODE_AMD_ENTRYPOINT = vs/workbench/services/extensions/node/extensionHostProcess
# environment
HOME = /home/imarushe
# environment
VSCODE_CLI = 1
# environment
VSCODE_CODE_CACHE_PATH = /home/imarushe/.config/Code/CachedData/d6ee99e4c045a6716e5c653d7da8e9ae6f5a8b03
# environment
LOGNAME = imarushe
# environment
APPLICATION_INSIGHTS_NO_DIAGNOSTIC_CHANNEL = true
# environment
SNAP_LIBRARY_PATH = /var/lib/snapd/lib/gl:/var/lib/snapd/lib/gl32:/var/lib/snapd/void
# environment
SNAP_CONTEXT = Oh9C5JlUVjOfzoHZNPpLL9fx7Ep9YISPcLjC7ev8i4GYLQGmRxp4
# automatic
+F = $(notdir $+)
# environment
ZSH = /home/imarushe/.oh-my-zsh
# environment
SNAP_USER_COMMON = /home/imarushe/snap/code/common
# environment
VSCODE_HANDLES_UNCAUGHT_ERRORS = true
# environment
GNOME_DESKTOP_SESSION_ID = this-is-deprecated
# automatic
^D = $(patsubst %/,%,$(dir $^))
# environment
LC_TIME = en_GB.UTF-8
# environment
SNAP_REAL_HOME = /home/imarushe
# default
MAKE = $(MAKE_COMMAND)
# default
MAKECMDGOALS := all
# environment
QT_IM_MODULE = ibus
# makefile (from 'Makefile', line 27)
SRCS = $(addprefix srcs/, main.c )
# environment
SNAP_USER_DATA = /home/imarushe/snap/code/87
# environment
SHLVL = 0
# makefile (from 'Makefile', line 37)
CC = cc
# environment
GNOME_SHELL_SESSION_MODE = ubuntu
# default
MAKE_VERSION := 4.2.1
# environment
USER = imarushe
# environment
SNAP_REVISION = 87
# environment
LC_MONETARY = en_GB.UTF-8
# makefile
.DEFAULT_GOAL := minishell
# environment
XDG_CURRENT_DESKTOP = Unity
# makefile (from 'Makefile', line 33)
NAME = minishell
# environment
LESS = -R
# automatic
%D = $(patsubst %/,%,$(dir $%))
# environment
LC_TELEPHONE = en_GB.UTF-8
# default
MAKE_COMMAND := make
# environment
OLDPWD = /home/imarushe
# default
.VARIABLES := 
# automatic
*F = $(notdir $*)
# environment
VSCODE_IPC_HOOK = /run/user/1000/vscode-1c4a1735-1.64.1-main.sock
# environment
BAMF_DESKTOP_FILE_HINT = /var/lib/snapd/desktop/applications/code_code.desktop
# makefile
MAKEFLAGS = pqrR
# environment
MFLAGS = -pqrR
# automatic
*D = $(patsubst %/,%,$(dir $*))
# environment
BREAKPAD_DUMP_LOCATION = /home/imarushe/.config/Code/exthost Crash Reports
# automatic
+D = $(patsubst %/,%,$(dir $+))
# environment
GDK_BACKEND = x11
# environment
LC_PAPER = en_GB.UTF-8
# environment
LC_IDENTIFICATION = en_GB.UTF-8
# environment
QT_ACCESSIBILITY = 1
# default
MAKEFILES := 
# environment
SNAP_COOKIE = Oh9C5JlUVjOfzoHZNPpLL9fx7Ep9YISPcLjC7ev8i4GYLQGmRxp4
# environment
LC_NUMERIC = en_GB.UTF-8
# automatic
<F = $(notdir $<)
# environment
 
ELECTRON_RUN_AS_NODE = 1
# environment
LC_MEASUREMENT = en_GB.UTF-8
# environment
SNAP_NAME = code
# environment
PAGER = less
# environment
LC_ALL = C
# environment
GJS_DEBUG_TOPICS = JS ERROR;JS LOG
# makefile (from 'Makefile', line 43)
LIBS = -lreadline libft/libft.a
# automatic
^F = $(notdir $^)
# default
SUFFIXES := 
# environment
SNAP_REEXEC = 
# environment
CHROME_DESKTOP = code-url-handler.desktop
# environment
WINDOWPATH = 2
# default
.INCLUDE_DIRS = /usr/include /usr/local/include /usr/include
# environment
GJS_DEBUG_OUTPUT = stderr
# default
.RECIPEPREFIX := 
# environment
LC_ADDRESS = en_GB.UTF-8
# makefile (from 'Makefile', line 1)
define compiling
	@printf 'Compiling %s\n' $1
	@$(CC) $(CFLAGS) $(CPPFLAGS) -c $1 -o $2
endef
# environment
CLICOLOR = 1
# environment
LANG = C
# environment
VSCODE_PID = 17562
# variable set hash-table stats:
# Load=149/1024=15%, Rehash=0, Collisions=27/178=15%

# Pattern-specific Variable Values

# No pattern-specific variable values.

# Directories

# . (device 2049, inode 5900124): 11 files, no impossibilities.
# srcs (device 2049, inode 5903348): 1 files, no impossibilities so far.

# 12 files, no impossibilities in 2 directories.

# Implicit Rules

%.o: %.c
#  recipe to execute (from 'Makefile', line 46):
				$(call compiling,$<,$(<:.c=.o),0)

# 1 implicit rules, 0 (0.0%) terminal.

# Files

all: minishell
#  Command line target.
#  Implicit rule search has been done.
#  File does not exist.
#  File has been updated.
#  Successfully updated.

# Not a target:
Makefile:
#  Implicit rule search has been done.
#  Last modified 2022-02-02 09:51:44.312137678
#  File has been updated.
#  Successfully updated.

# Not a target:
srcs/main.c:
#  Implicit rule search has been done.
#  Last modified 2022-02-09 21:43:22.207603871
#  File has been updated.
#  Successfully updated.

minishell: srcs/main.o
#  Implicit rule search has not been done.
#  Last modified 2022-02-09 21:44:34.547326035
#  File has been updated.
#  Successfully updated.
#  recipe to execute (from 'Makefile', line 49):
				$(call building,libft)
				$(call finishing,$(NAME), $(OBJS))

fclean: clean
#  Implicit rule search has not been done.
#  Modification time never checked.
#  File has not been updated.
#  recipe to execute (from 'Makefile', line 60):
				$(call removing,$(NAME))

# Not a target:
.DEFAULT:
#  Implicit rule search has not been done.
#  Modification time never checked.
#  File has not been updated.

re: fclean all
#  Implicit rule search has not been done.
#  Modification time never checked.
#  File has not been updated.

clean:
#  Implicit rule search has not been done.
#  Modification time never checked.
#  File has not been updated.
#  recipe to execute (from 'Makefile', line 55):
				$(call cleaning,libft,fclean)
				@echo -n Removing
				$(call removing,$(OBJS))

srcs/main.o: srcs/main.c
#  Implicit rule search has been done.
#  Implicit/static pattern stem: 'srcs/main'
 
#  Last modified 2022-02-09 21:44:34.527326113
#  File has been updated.
#  Successfully updated.
#  recipe to execute (from 'Makefile', line 46):
				$(call compiling,$<,$(<:.c=.o),0)

# files hash-table stats:
# Load=10/1024=1%, Rehash=0, Collisions=0/29=0%
# VPATH Search Paths

# No 'vpath' search paths.

# No general ('VPATH' variable) search path.

# strcache buffers: 1 (0) / strings = 25 / storage = 194 B / avg = 7 B
# current buf: size = 8162 B / used = 194 B / count = 25 / avg = 7 B

# strcache performance: lookups = 42 / hit rate = 40%
# hash-table stats:
# Load=25/8192=0%, Rehash=0, Collisions=1/42=2%
# Finished Make data base on Thu Feb 10 11:08:29 2022

 
